<?xml version="1.0" encoding="UTF-8"?>
<!-- Generated by org.testng.reporters.JUnitXMLReporter -->
<testsuite ignored="0" hostname="WINDOWS-0F6HQEO" failures="0" tests="5" name="Command line test" time="41.109" errors="0" timestamp="2024-04-01T19:44:36 AMT">
  <testcase classname="LoginSwabTest" name="logiWithCorrectCredentials" time="0.79"/>
  <testcase classname="LoginSwabTest" name="login" time="1.152"/>
  <testcase classname="LoginSwabTest" name="loginWithSecondLogin" time="1.744"/>
  <testcase classname="LoginSwabTest" name="loginwithLogin" time="1.308"/>
  <testcase classname="LoginSwabTest" name="loginwithPass" time="1.307"/>
</testsuite> <!-- Command line test -->
