<?xml version="1.0" encoding="UTF-8"?>
<!-- Generated by org.testng.reporters.JUnitXMLReporter -->
<testsuite ignored="0" hostname="WINDOWS-0F6HQEO" failures="0" tests="5" name="Command line test" time="26.313" errors="0" timestamp="2024-03-30T23:24:28 AMT">
  <testcase classname="LoginSwabTest" name="logiWithCorrectCredentials" time="0.439"/>
  <testcase classname="LoginSwabTest" name="login" time="1.14"/>
  <testcase classname="LoginSwabTest" name="loginWithSecondLogin" time="1.403"/>
  <testcase classname="LoginSwabTest" name="loginwithLogin" time="1.245"/>
  <testcase classname="LoginSwabTest" name="loginwithPass" time="1.251"/>
</testsuite> <!-- Command line test -->
