<?xml version="1.0" encoding="UTF-8"?>
<testng-results ignored="0" total="5" passed="5" failed="0" skipped="0">
  <reporter-output>
  </reporter-output>
  <suite started-at="2024-04-01T19:43:55 AMT" name="Command line suite" finished-at="2024-04-01T19:44:36 AMT" duration-ms="41109">
    <groups>
    </groups>
    <test started-at="2024-04-01T19:43:55 AMT" name="Command line test" finished-at="2024-04-01T19:44:36 AMT" duration-ms="41109">
      <class name="LoginSwabTest">
        <test-method is-config="true" signature="setUp()[pri:0, instance:LoginSwabTest@3cebbb30]" started-at="2024-04-01T19:43:55 AMT" name="setUp" finished-at="2024-04-01T19:44:09 AMT" duration-ms="14612" status="PASS">
          <reporter-output>
          </reporter-output>
        </test-method> <!-- setUp -->
        <test-method signature="logiWithCorrectCredentials()[pri:0, instance:LoginSwabTest@3cebbb30]" started-at="2024-04-01T19:44:10 AMT" name="logiWithCorrectCredentials" finished-at="2024-04-01T19:44:10 AMT" duration-ms="790" status="PASS">
          <reporter-output>
          </reporter-output>
        </test-method> <!-- logiWithCorrectCredentials -->
        <test-method is-config="true" signature="close()[pri:0, instance:LoginSwabTest@3cebbb30]" started-at="2024-04-01T19:44:10 AMT" name="close" finished-at="2024-04-01T19:44:11 AMT" duration-ms="269" status="PASS">
          <reporter-output>
          </reporter-output>
        </test-method> <!-- close -->
        <test-method is-config="true" signature="setUp()[pri:0, instance:LoginSwabTest@3cebbb30]" started-at="2024-04-01T19:44:11 AMT" name="setUp" finished-at="2024-04-01T19:44:15 AMT" duration-ms="4780" status="PASS">
          <reporter-output>
          </reporter-output>
        </test-method> <!-- setUp -->
        <test-method signature="login()[pri:0, instance:LoginSwabTest@3cebbb30]" started-at="2024-04-01T19:44:15 AMT" name="login" finished-at="2024-04-01T19:44:17 AMT" duration-ms="1152" status="PASS">
          <reporter-output>
          </reporter-output>
        </test-method> <!-- login -->
        <test-method is-config="true" signature="close()[pri:0, instance:LoginSwabTest@3cebbb30]" started-at="2024-04-01T19:44:17 AMT" name="close" finished-at="2024-04-01T19:44:17 AMT" duration-ms="243" status="PASS">
          <reporter-output>
          </reporter-output>
        </test-method> <!-- close -->
        <test-method is-config="true" signature="setUp()[pri:0, instance:LoginSwabTest@3cebbb30]" started-at="2024-04-01T19:44:17 AMT" name="setUp" finished-at="2024-04-01T19:44:21 AMT" duration-ms="4598" status="PASS">
          <reporter-output>
          </reporter-output>
        </test-method> <!-- setUp -->
        <test-method signature="loginWithSecondLogin()[pri:0, instance:LoginSwabTest@3cebbb30]" started-at="2024-04-01T19:44:21 AMT" name="loginWithSecondLogin" finished-at="2024-04-01T19:44:23 AMT" duration-ms="1744" status="PASS">
          <reporter-output>
          </reporter-output>
        </test-method> <!-- loginWithSecondLogin -->
        <test-method is-config="true" signature="close()[pri:0, instance:LoginSwabTest@3cebbb30]" started-at="2024-04-01T19:44:23 AMT" name="close" finished-at="2024-04-01T19:44:23 AMT" duration-ms="244" status="PASS">
          <reporter-output>
          </reporter-output>
        </test-method> <!-- close -->
        <test-method is-config="true" signature="setUp()[pri:0, instance:LoginSwabTest@3cebbb30]" started-at="2024-04-01T19:44:23 AMT" name="setUp" finished-at="2024-04-01T19:44:28 AMT" duration-ms="4678" status="PASS">
          <reporter-output>
          </reporter-output>
        </test-method> <!-- setUp -->
        <test-method signature="loginwithLogin()[pri:0, instance:LoginSwabTest@3cebbb30]" started-at="2024-04-01T19:44:28 AMT" name="loginwithLogin" finished-at="2024-04-01T19:44:29 AMT" duration-ms="1308" status="PASS">
          <reporter-output>
          </reporter-output>
        </test-method> <!-- loginwithLogin -->
        <test-method is-config="true" signature="close()[pri:0, instance:LoginSwabTest@3cebbb30]" started-at="2024-04-01T19:44:29 AMT" name="close" finished-at="2024-04-01T19:44:30 AMT" duration-ms="208" status="PASS">
          <reporter-output>
          </reporter-output>
        </test-method> <!-- close -->
        <test-method is-config="true" signature="setUp()[pri:0, instance:LoginSwabTest@3cebbb30]" started-at="2024-04-01T19:44:30 AMT" name="setUp" finished-at="2024-04-01T19:44:34 AMT" duration-ms="4723" status="PASS">
          <reporter-output>
          </reporter-output>
        </test-method> <!-- setUp -->
        <test-method signature="loginwithPass()[pri:0, instance:LoginSwabTest@3cebbb30]" started-at="2024-04-01T19:44:34 AMT" name="loginwithPass" finished-at="2024-04-01T19:44:36 AMT" duration-ms="1307" status="PASS">
          <reporter-output>
          </reporter-output>
        </test-method> <!-- loginwithPass -->
        <test-method is-config="true" signature="close()[pri:0, instance:LoginSwabTest@3cebbb30]" started-at="2024-04-01T19:44:36 AMT" name="close" finished-at="2024-04-01T19:44:36 AMT" duration-ms="193" status="PASS">
          <reporter-output>
          </reporter-output>
        </test-method> <!-- close -->
      </class> <!-- LoginSwabTest -->
    </test> <!-- Command line test -->
  </suite> <!-- Command line suite -->
</testng-results>
