<?xml version="1.0" encoding="UTF-8"?>
<testng-results ignored="0" total="5" passed="5" failed="0" skipped="0">
  <reporter-output>
  </reporter-output>
  <suite started-at="2024-03-30T23:24:01 AMT" name="Command line suite" finished-at="2024-03-30T23:24:28 AMT" duration-ms="26313">
    <groups>
    </groups>
    <test started-at="2024-03-30T23:24:01 AMT" name="Command line test" finished-at="2024-03-30T23:24:28 AMT" duration-ms="26313">
      <class name="LoginSwabTest">
        <test-method is-config="true" signature="setUp()[pri:0, instance:LoginSwabTest@3cebbb30]" started-at="2024-03-30T23:24:01 AMT" name="setUp" finished-at="2024-03-30T23:24:08 AMT" duration-ms="6184" status="PASS">
          <reporter-output>
          </reporter-output>
        </test-method> <!-- setUp -->
        <test-method signature="logiWithCorrectCredentials()[pri:0, instance:LoginSwabTest@3cebbb30]" started-at="2024-03-30T23:24:08 AMT" name="logiWithCorrectCredentials" finished-at="2024-03-30T23:24:08 AMT" duration-ms="439" status="PASS">
          <reporter-output>
          </reporter-output>
        </test-method> <!-- logiWithCorrectCredentials -->
        <test-method is-config="true" signature="close()[pri:0, instance:LoginSwabTest@3cebbb30]" started-at="2024-03-30T23:24:08 AMT" name="close" finished-at="2024-03-30T23:24:08 AMT" duration-ms="185" status="PASS">
          <reporter-output>
          </reporter-output>
        </test-method> <!-- close -->
        <test-method is-config="true" signature="setUp()[pri:0, instance:LoginSwabTest@3cebbb30]" started-at="2024-03-30T23:24:08 AMT" name="setUp" finished-at="2024-03-30T23:24:12 AMT" duration-ms="3322" status="PASS">
          <reporter-output>
          </reporter-output>
        </test-method> <!-- setUp -->
        <test-method signature="login()[pri:0, instance:LoginSwabTest@3cebbb30]" started-at="2024-03-30T23:24:12 AMT" name="login" finished-at="2024-03-30T23:24:13 AMT" duration-ms="1140" status="PASS">
          <reporter-output>
          </reporter-output>
        </test-method> <!-- login -->
        <test-method is-config="true" signature="close()[pri:0, instance:LoginSwabTest@3cebbb30]" started-at="2024-03-30T23:24:13 AMT" name="close" finished-at="2024-03-30T23:24:13 AMT" duration-ms="146" status="PASS">
          <reporter-output>
          </reporter-output>
        </test-method> <!-- close -->
        <test-method is-config="true" signature="setUp()[pri:0, instance:LoginSwabTest@3cebbb30]" started-at="2024-03-30T23:24:13 AMT" name="setUp" finished-at="2024-03-30T23:24:16 AMT" duration-ms="3483" status="PASS">
          <reporter-output>
          </reporter-output>
        </test-method> <!-- setUp -->
        <test-method signature="loginWithSecondLogin()[pri:0, instance:LoginSwabTest@3cebbb30]" started-at="2024-03-30T23:24:16 AMT" name="loginWithSecondLogin" finished-at="2024-03-30T23:24:18 AMT" duration-ms="1403" status="PASS">
          <reporter-output>
          </reporter-output>
        </test-method> <!-- loginWithSecondLogin -->
        <test-method is-config="true" signature="close()[pri:0, instance:LoginSwabTest@3cebbb30]" started-at="2024-03-30T23:24:18 AMT" name="close" finished-at="2024-03-30T23:24:18 AMT" duration-ms="144" status="PASS">
          <reporter-output>
          </reporter-output>
        </test-method> <!-- close -->
        <test-method is-config="true" signature="setUp()[pri:0, instance:LoginSwabTest@3cebbb30]" started-at="2024-03-30T23:24:18 AMT" name="setUp" finished-at="2024-03-30T23:24:22 AMT" duration-ms="3610" status="PASS">
          <reporter-output>
          </reporter-output>
        </test-method> <!-- setUp -->
        <test-method signature="loginwithLogin()[pri:0, instance:LoginSwabTest@3cebbb30]" started-at="2024-03-30T23:24:22 AMT" name="loginwithLogin" finished-at="2024-03-30T23:24:23 AMT" duration-ms="1245" status="PASS">
          <reporter-output>
          </reporter-output>
        </test-method> <!-- loginwithLogin -->
        <test-method is-config="true" signature="close()[pri:0, instance:LoginSwabTest@3cebbb30]" started-at="2024-03-30T23:24:23 AMT" name="close" finished-at="2024-03-30T23:24:23 AMT" duration-ms="154" status="PASS">
          <reporter-output>
          </reporter-output>
        </test-method> <!-- close -->
        <test-method is-config="true" signature="setUp()[pri:0, instance:LoginSwabTest@3cebbb30]" started-at="2024-03-30T23:24:23 AMT" name="setUp" finished-at="2024-03-30T23:24:26 AMT" duration-ms="3321" status="PASS">
          <reporter-output>
          </reporter-output>
        </test-method> <!-- setUp -->
        <test-method signature="loginwithPass()[pri:0, instance:LoginSwabTest@3cebbb30]" started-at="2024-03-30T23:24:26 AMT" name="loginwithPass" finished-at="2024-03-30T23:24:28 AMT" duration-ms="1251" status="PASS">
          <reporter-output>
          </reporter-output>
        </test-method> <!-- loginwithPass -->
        <test-method is-config="true" signature="close()[pri:0, instance:LoginSwabTest@3cebbb30]" started-at="2024-03-30T23:24:28 AMT" name="close" finished-at="2024-03-30T23:24:28 AMT" duration-ms="151" status="PASS">
          <reporter-output>
          </reporter-output>
        </test-method> <!-- close -->
      </class> <!-- LoginSwabTest -->
    </test> <!-- Command line test -->
  </suite> <!-- Command line suite -->
</testng-results>
